<?xml version="1.0" encoding="UTF-8"?>
<testng-results ignored="0" total="2" passed="2" failed="0" skipped="0">
  <reporter-output>
  </reporter-output>
  <suite started-at="2024-05-19T11:01:34 CDT" name="Surefire suite" finished-at="2024-05-19T11:02:01 CDT" duration-ms="26822">
    <groups>
    </groups>
    <test started-at="2024-05-19T11:01:34 CDT" name="Surefire test" finished-at="2024-05-19T11:02:01 CDT" duration-ms="26822">
      <class name="testcases.LoginTest">
        <test-method is-config="true" signature="SetUp()[pri:0, instance:testcases.LoginTest@72d6b3ba]" started-at="2024-05-19T11:01:35 CDT" name="SetUp" finished-at="2024-05-19T11:01:40 CDT" duration-ms="5431" status="PASS">
          <reporter-output>
          </reporter-output>
        </test-method> <!-- SetUp -->
        <test-method signature="LogiFailureTest()[pri:0, instance:testcases.LoginTest@72d6b3ba]" started-at="2024-05-19T11:01:40 CDT" name="LogiFailureTest" finished-at="2024-05-19T11:01:48 CDT" duration-ms="7820" status="PASS">
          <reporter-output>
          </reporter-output>
        </test-method> <!-- LogiFailureTest -->
        <test-method is-config="true" signature="QuitBrowser()[pri:0, instance:testcases.LoginTest@72d6b3ba]" started-at="2024-05-19T11:01:48 CDT" name="QuitBrowser" finished-at="2024-05-19T11:01:49 CDT" duration-ms="1324" status="PASS">
          <reporter-output>
          </reporter-output>
        </test-method> <!-- QuitBrowser -->
        <test-method is-config="true" signature="SetUp()[pri:0, instance:testcases.LoginTest@72d6b3ba]" started-at="2024-05-19T11:01:49 CDT" name="SetUp" finished-at="2024-05-19T11:01:54 CDT" duration-ms="5090" status="PASS">
          <reporter-output>
          </reporter-output>
        </test-method> <!-- SetUp -->
        <test-method signature="LoginSuccessTest()[pri:0, instance:testcases.LoginTest@72d6b3ba]" started-at="2024-05-19T11:01:54 CDT" name="LoginSuccessTest" finished-at="2024-05-19T11:02:00 CDT" duration-ms="5340" status="PASS">
          <reporter-output>
          </reporter-output>
        </test-method> <!-- LoginSuccessTest -->
        <test-method is-config="true" signature="QuitBrowser()[pri:0, instance:testcases.LoginTest@72d6b3ba]" started-at="2024-05-19T11:02:00 CDT" name="QuitBrowser" finished-at="2024-05-19T11:02:01 CDT" duration-ms="1544" status="PASS">
          <reporter-output>
          </reporter-output>
        </test-method> <!-- QuitBrowser -->
      </class> <!-- testcases.LoginTest -->
    </test> <!-- Surefire test -->
  </suite> <!-- Surefire suite -->
</testng-results>
