<?xml version="1.0" encoding="UTF-8"?>
<testsuite xmlns:xsi="http://www.w3.org/2001/XMLSchema-instance" xsi:noNamespaceSchemaLocation="https://maven.apache.org/surefire/maven-surefire-plugin/xsd/surefire-test-report-3.0.xsd" version="3.0" name="testcases.LoginTest" time="27.618" tests="2" errors="0" skipped="0" failures="0">
  <properties>
[...]
</properties>
  <testcase name="LogiFailureTest" classname="testcases.LoginTest" time="7.703">
    <system-out><![CDATA[The email or password you have entered is invalid.
]]></system-out>
    <system-err><![CDATA[SLF4J: No SLF4J providers were found.
SLF4J: Defaulting to no-operation (NOP) logger implementation
SLF4J: See https://www.slf4j.org/codes.html#noProviders for further details.
1716134495500	geckodriver	INFO	Listening on 127.0.0.1:6207
1716134495764	mozrunner::runner	INFO	Running command: "C:\\Program Files\\Mozilla Firefox\\firefox.exe" "--marionette" "-no-remote" "-profile" "C:\\Users\\aruns\\AppData\\Local\\Temp\\rust_mozprofilekp1B3I"
console.warn: services.settings: Ignoring preference override of remote settings server
console.warn: services.settings: Allow by setting MOZ_REMOTE_SETTINGS_DEVTOOLS=1 in the environment
1716134496297	Marionette	INFO	Marionette enabled
Dynamically enable window occlusion 0
1716134496887	Marionette	INFO	Listening on port 54274
Read port: 54274
1716134497154	RemoteAgent	WARN	TLS certificate errors will be ignored for this session
May 19, 2024 11:01:39 AM org.openqa.selenium.remote.ProtocolHandshake createSession
INFO: Detected dialect: W3C
1716134501933	Marionette	WARN	Ignoring event 'DOMContentLoaded' because document has an invalid readyState of 'complete'.
JavaScript warning: https://accounts.simplilearn.com/user/login?redirect_url=https%3A%2F%2Flms.simplilearn.com%2F, line 843: unreachable code after return statement
1716134503592	Marionette	WARN	Ignoring event 'pageshow' because document has an invalid readyState of 'interactive'.
JavaScript error: https://cfaccounts.simplilearn.com/core/js/utility.1715843369.js, line 71: SyntaxError: JSON.parse: unexpected character at line 1 column 1 of the JSON data
console.warn: LoginRecipes: "Falling back to a synchronous message for: https://accounts.simplilearn.com."
JavaScript warning: https://accounts.simplilearn.com/user/login?redirect_url=https%3A%2F%2Flms.simplilearn.com%2F, line 843: unreachable code after return statement
JavaScript warning: https://service.force.com/embeddedservice/5.0/frame/chasitor.esw.min.js, line 5: Script terminated by timeout at:
e/<@https://service.force.com/embeddedservice/5.0/frame/chasitor.esw.min.js:5:68

1716134508013	Marionette	WARN	Ignoring event 'pageshow' because document has an invalid readyState of 'interactive'.
JavaScript error: https://cfaccounts.simplilearn.com/core/js/utility.1715843369.js, line 71: SyntaxError: JSON.parse: unexpected character at line 1 column 1 of the JSON data
]]></system-err>
  </testcase>
  <testcase name="LoginSuccessTest" classname="testcases.LoginTest" time="5.34">
    <system-err><![CDATA[1716134508517	Marionette	INFO	Stopped listening on port 54274
JavaScript warning: https://service.force.com/embeddedservice/5.0/utils/inert.min.js, line 4: Script terminated by timeout at:
m<@https://service.force.com/embeddedservice/5.0/utils/inert.min.js:4:45
@https://service.force.com/embeddedservice/5.0/utils/inert.min.js:4:46
@https://service.force.com/embeddedservice/5.0/utils/inert.min.js:1:132
@https://service.force.com/embeddedservice/5.0/utils/inert.min.js:1:137

JavaScript warning: https://www.gstatic.com/_/mss/boq-identity/_/js/k=boq-identity.IdpIFrameHttp.en_US.ikT7Usy1AwQ.es5.O/am=BgM/d=1/rs=AOaEmlH9AHGvFGNXbCsRj13e5Zgi27YYpg/m=base, line 101: Script terminated by timeout at:
ce@https://www.gstatic.com/_/mss/boq-identity/_/js/k=boq-identity.IdpIFrameHttp.en_US.ikT7Usy1AwQ.es5.O/am=BgM/d=1/rs=AOaEmlH9AHGvFGNXbCsRj13e5Zgi27YYpg/m=base:101:463
Tf.prototype.R@https://www.gstatic.com/_/mss/boq-identity/_/js/k=boq-identity.IdpIFrameHttp.en_US.ikT7Usy1AwQ.es5.O/am=BgM/d=1/rs=AOaEmlH9AHGvFGNXbCsRj13e5Zgi27YYpg/m=base:125:283

Dynamically enable window occlusion 1
1716134509908	geckodriver	INFO	Listening on 127.0.0.1:5689
1716134509933	mozrunner::runner	INFO	Running command: "C:\\Program Files\\Mozilla Firefox\\firefox.exe" "--marionette" "-no-remote" "-profile" "C:\\Users\\aruns\\AppData\\Local\\Temp\\rust_mozprofilesNd46w"
console.warn: services.settings: Ignoring preference override of remote settings server
console.warn: services.settings: Allow by setting MOZ_REMOTE_SETTINGS_DEVTOOLS=1 in the environment
1716134510407	Marionette	INFO	Marionette enabled
Dynamically enable window occlusion 0
1716134511005	Marionette	INFO	Listening on port 54452
Read port: 54452
1716134511343	RemoteAgent	WARN	TLS certificate errors will be ignored for this session
May 19, 2024 11:01:53 AM org.openqa.selenium.remote.ProtocolHandshake createSession
INFO: Detected dialect: W3C
1716134515509	Marionette	WARN	Ignoring event 'DOMContentLoaded' because document has an invalid readyState of 'complete'.
JavaScript warning: https://accounts.simplilearn.com/user/login?redirect_url=https%3A%2F%2Flms.simplilearn.com%2F, line 843: unreachable code after return statement
1716134517117	Marionette	WARN	Ignoring event 'pageshow' because document has an invalid readyState of 'interactive'.
JavaScript error: https://cfaccounts.simplilearn.com/core/js/utility.1715843369.js, line 71: SyntaxError: JSON.parse: unexpected character at line 1 column 1 of the JSON data
console.warn: LoginRecipes: "Falling back to a synchronous message for: https://accounts.simplilearn.com."
JavaScript warning: https://accounts.simplilearn.com/user/login?redirect_url=https%3A%2F%2Flms.simplilearn.com%2F, line 843: unreachable code after return statement
1716134519838	Marionette	WARN	Ignoring event 'pageshow' because document has an invalid readyState of 'interactive'.
]]></system-err>
  </testcase>
</testsuite>